{
  "stats": {
    "suites": 1,
    "tests": 1,
    "passes": 1,
    "pending": 0,
    "failures": 0,
    "start": "2025-10-16T21:41:24.825Z",
    "end": "2025-10-16T21:41:32.067Z",
    "duration": 7242,
    "testsRegistered": 1,
    "passPercent": 100,
    "pendingPercent": 0,
    "other": 0,
    "hasOther": false,
    "skipped": 0,
    "hasSkipped": false
  },
  "results": [
    {
      "uuid": "958f31e0-7465-4be2-bf3b-5f5d224a32a3",
      "title": "",
      "fullFile": "cypress\\integration\\codeGenratioByCypressStudio.js",
      "file": "cypress\\integration\\codeGenratioByCypressStudio.js",
      "beforeHooks": [],
      "afterHooks": [],
      "tests": [],
      "suites": [
        {
          "uuid": "7db1f839-360e-4207-a4a8-e5d0667ab508",
          "title": "First AI Cypress Studio Code Generatio",
          "fullFile": "",
          "file": "",
          "beforeHooks": [],
          "afterHooks": [],
          "tests": [
            {
              "title": "TC 1 ",
              "fullTitle": "First AI Cypress Studio Code Generatio TC 1 ",
              "timedOut": null,
              "duration": 3264,
              "state": "passed",
              "speed": "fast",
              "pass": true,
              "fail": false,
              "pending": false,
              "context": "{\n  \"title\": \"cypress-mochawesome-reporter-videos-passed\",\n  \"value\": \"cypress\\\\integration\\\\codeGenratioByCypressStudio.js\"\n}",
              "code": "cy.visit('https://rahulshettyacademy.com/angularpractice/');\ncy.get('input[minlength=\"2\"]').click();\ncy.get('input[minlength=\"2\"]').type('Somenath');\ncy.get('[name=\"email\"]').type('Gorai');\ncy.get('#exampleInputPassword1').click();\ncy.get('#exampleInputPassword1').type('sdfasdf');\ncy.get('#exampleCheck1').check();\ncy.get('#inlineRadio2').check();\ncy.get('[name=\"bday\"]').click();\ncy.get('[name=\"bday\"]').click();\ncy.get('input.btn').click();",
              "err": {},
              "uuid": "d01c8ced-4340-4fcc-9bb1-3310b61a34d2",
              "parentUUID": "7db1f839-360e-4207-a4a8-e5d0667ab508",
              "isHook": false,
              "skipped": false
            }
          ],
          "suites": [],
          "passes": [
            "d01c8ced-4340-4fcc-9bb1-3310b61a34d2"
          ],
          "failures": [],
          "pending": [],
          "skipped": [],
          "duration": 3264,
          "root": false,
          "rootEmpty": false,
          "_timeout": 2000
        }
      ],
      "passes": [],
      "failures": [],
      "pending": [],
      "skipped": [],
      "duration": 0,
      "root": true,
      "rootEmpty": true,
      "_timeout": 2000
    }
  ],
  "meta": {
    "mocha": {
      "version": "7.2.0"
    },
    "mochawesome": {
      "options": {
        "quiet": false,
        "reportFilename": "mochawesome",
        "saveHtml": false,
        "saveJson": true,
        "consoleReporter": "spec",
        "useInlineDiffs": false,
        "code": true
      },
      "version": "7.1.4"
    },
    "marge": {
      "options": {
        "overwrite": false,
        "html": false,
        "json": true,
        "reportDir": "cypress\\reports\\html\\.jsons"
      },
      "version": "6.3.0"
    }
  }
}