{
  "stats": {
    "suites": 1,
    "tests": 1,
    "passes": 1,
    "pending": 0,
    "failures": 0,
    "start": "2025-10-20T17:55:03.214Z",
    "end": "2025-10-20T17:55:07.611Z",
    "duration": 4397,
    "testsRegistered": 1,
    "passPercent": 100,
    "pendingPercent": 0,
    "other": 0,
    "hasOther": false,
    "skipped": 0,
    "hasSkipped": false
  },
  "results": [
    {
      "uuid": "7bd393b9-b6fd-4754-a8a6-ac1d2223c9c1",
      "title": "",
      "fullFile": "cypress\\integration\\codeGenratioByCypressStudio.js",
      "file": "cypress\\integration\\codeGenratioByCypressStudio.js",
      "beforeHooks": [],
      "afterHooks": [],
      "tests": [],
      "suites": [
        {
          "uuid": "c45ec81e-1d76-4e24-a017-8c5c3a967188",
          "title": "First AI Cypress Studio Code Generatio",
          "fullFile": "",
          "file": "",
          "beforeHooks": [],
          "afterHooks": [],
          "tests": [
            {
              "title": "TC 1 ",
              "fullTitle": "First AI Cypress Studio Code Generatio TC 1 ",
              "timedOut": null,
              "duration": 1974,
              "state": "passed",
              "speed": "fast",
              "pass": true,
              "fail": false,
              "pending": false,
              "context": "{\n  \"title\": \"cypress-mochawesome-reporter-videos-passed\",\n  \"value\": \"cypress\\\\integration\\\\codeGenratioByCypressStudio.js\"\n}",
              "code": "cy.visit('https://rahulshettyacademy.com/angularpractice/');\ncy.get('input[minlength=\"2\"]').click();\ncy.get('input[minlength=\"2\"]').type('Somenath');\ncy.get('[name=\"email\"]').type('Gorai');\ncy.get('#exampleInputPassword1').click();\ncy.get('#exampleInputPassword1').type('sdfasdf');\ncy.get('#exampleCheck1').check();\ncy.get('#inlineRadio2').check();\ncy.get('[name=\"bday\"]').click();\ncy.get('[name=\"bday\"]').click();\ncy.get('input.btn').click();",
              "err": {},
              "uuid": "f73fa4f8-a374-45dd-b46c-cd97940adb89",
              "parentUUID": "c45ec81e-1d76-4e24-a017-8c5c3a967188",
              "isHook": false,
              "skipped": false
            }
          ],
          "suites": [],
          "passes": [
            "f73fa4f8-a374-45dd-b46c-cd97940adb89"
          ],
          "failures": [],
          "pending": [],
          "skipped": [],
          "duration": 1974,
          "root": false,
          "rootEmpty": false,
          "_timeout": 2000
        }
      ],
      "passes": [],
      "failures": [],
      "pending": [],
      "skipped": [],
      "duration": 0,
      "root": true,
      "rootEmpty": true,
      "_timeout": 2000
    }
  ],
  "meta": {
    "mocha": {
      "version": "7.2.0"
    },
    "mochawesome": {
      "options": {
        "quiet": false,
        "reportFilename": "mochawesome",
        "saveHtml": false,
        "saveJson": true,
        "consoleReporter": "spec",
        "useInlineDiffs": false,
        "code": true
      },
      "version": "7.1.4"
    },
    "marge": {
      "options": {
        "reportDir": "cypress\\reports\\.jsons",
        "charts": true,
        "reportPageTitle": "Cypress Mochawesome Report",
        "embeddedScreenshots": true,
        "inlineAssets": true,
        "saveAllAttempts": true,
        "html": false,
        "json": true,
        "overwrite": false
      },
      "version": "6.3.0"
    }
  }
}