{
  "stats": {
    "suites": 1,
    "tests": 1,
    "passes": 1,
    "pending": 0,
    "failures": 0,
    "start": "2025-10-20T13:41:35.784Z",
    "end": "2025-10-20T13:41:40.696Z",
    "duration": 4912,
    "testsRegistered": 1,
    "passPercent": 100,
    "pendingPercent": 0,
    "other": 0,
    "hasOther": false,
    "skipped": 0,
    "hasSkipped": false
  },
  "results": [
    {
      "uuid": "10abddc2-f616-4467-94df-5e5c1e230b78",
      "title": "",
      "fullFile": "cypress\\integration\\codeGenratioByCypressStudio.js",
      "file": "cypress\\integration\\codeGenratioByCypressStudio.js",
      "beforeHooks": [],
      "afterHooks": [],
      "tests": [],
      "suites": [
        {
          "uuid": "c458cead-9aa4-4209-9c85-63bf7ad3e049",
          "title": "First AI Cypress Studio Code Generatio",
          "fullFile": "",
          "file": "",
          "beforeHooks": [],
          "afterHooks": [],
          "tests": [
            {
              "title": "TC 1 ",
              "fullTitle": "First AI Cypress Studio Code Generatio TC 1 ",
              "timedOut": null,
              "duration": 2459,
              "state": "passed",
              "speed": "fast",
              "pass": true,
              "fail": false,
              "pending": false,
              "context": "{\n  \"title\": \"cypress-mochawesome-reporter-videos-passed\",\n  \"value\": \"cypress\\\\integration\\\\codeGenratioByCypressStudio.js\"\n}",
              "code": "cy.visit('https://rahulshettyacademy.com/angularpractice/');\ncy.get('input[minlength=\"2\"]').click();\ncy.get('input[minlength=\"2\"]').type('Somenath');\ncy.get('[name=\"email\"]').type('Gorai');\ncy.get('#exampleInputPassword1').click();\ncy.get('#exampleInputPassword1').type('sdfasdf');\ncy.get('#exampleCheck1').check();\ncy.get('#inlineRadio2').check();\ncy.get('[name=\"bday\"]').click();\ncy.get('[name=\"bday\"]').click();\ncy.get('input.btn').click();",
              "err": {},
              "uuid": "8ca4d91b-8728-4b4a-995c-bd8da33aceb7",
              "parentUUID": "c458cead-9aa4-4209-9c85-63bf7ad3e049",
              "isHook": false,
              "skipped": false
            }
          ],
          "suites": [],
          "passes": [
            "8ca4d91b-8728-4b4a-995c-bd8da33aceb7"
          ],
          "failures": [],
          "pending": [],
          "skipped": [],
          "duration": 2459,
          "root": false,
          "rootEmpty": false,
          "_timeout": 2000
        }
      ],
      "passes": [],
      "failures": [],
      "pending": [],
      "skipped": [],
      "duration": 0,
      "root": true,
      "rootEmpty": true,
      "_timeout": 2000
    }
  ],
  "meta": {
    "mocha": {
      "version": "7.2.0"
    },
    "mochawesome": {
      "options": {
        "quiet": false,
        "reportFilename": "mochawesome",
        "saveHtml": false,
        "saveJson": true,
        "consoleReporter": "spec",
        "useInlineDiffs": false,
        "code": true
      },
      "version": "7.1.4"
    },
    "marge": {
      "options": {
        "reportDir": "cypress\\reports\\.jsons",
        "charts": true,
        "reportPageTitle": "Cypress Mochawesome Report",
        "embeddedScreenshots": true,
        "inlineAssets": true,
        "saveAllAttempts": false,
        "html": false,
        "json": true,
        "overwrite": false
      },
      "version": "6.3.0"
    }
  }
}