{
  "stats": {
    "suites": 1,
    "tests": 2,
    "passes": 1,
    "pending": 0,
    "failures": 1,
    "start": "2025-10-20T17:55:12.400Z",
    "end": "2025-10-20T17:55:17.339Z",
    "duration": 4939,
    "testsRegistered": 2,
    "passPercent": 50,
    "pendingPercent": 0,
    "other": 0,
    "hasOther": false,
    "skipped": 0,
    "hasSkipped": false
  },
  "results": [
    {
      "uuid": "fbd31ab9-f3a6-47a6-b57d-9ed501f3c3ba",
      "title": "",
      "fullFile": "cypress\\integration\\firstBasicTestSuite.js",
      "file": "cypress\\integration\\firstBasicTestSuite.js",
      "beforeHooks": [],
      "afterHooks": [],
      "tests": [],
      "suites": [
        {
          "uuid": "b0e0717f-2f98-4385-8470-a9200117a926",
          "title": "First Basic Testing",
          "fullFile": "",
          "file": "",
          "beforeHooks": [],
          "afterHooks": [],
          "tests": [
            {
              "title": "TC 1 url and assertion",
              "fullTitle": "First Basic Testing TC 1 url and assertion",
              "timedOut": null,
              "duration": 557,
              "state": "failed",
              "speed": null,
              "pass": false,
              "fail": true,
              "pending": false,
              "context": "{\n  \"title\": \"cypress-mochawesome-reporter-videos-failed\",\n  \"value\": \"cypress\\\\integration\\\\firstBasicTestSuite.js\"\n}",
              "code": "cy.visit('https://rahulshettyacademy.com/loginpagePractise/');\ncy.url().should('eq', 'https://rahulshettyacademy.com/loginpagePractise/'); //url\ncy.url().should('include', 'loginpagePractise');\ncy.url().should('contain', 'rahulshettyacademy');\ncy.title().shosdfuld('eq', 'LoginPage Practise | Rahul Shetty Academy'); //title\ncy.title().should('include', 'LoginPage');\ncy.title().should('contains', 'LoginPage');\ncy.get('#username').type('Somenath');\ncy.get('#signInBtn').click();\ncy.get('[style*=\"block\"]').should('be.visible');",
              "err": {
                "message": "TypeError: cy.title(...).shosdfuld is not a function",
                "estack": "TypeError: cy.title(...).shosdfuld is not a function\n    at Context.eval (webpack://cypressbasics/./cypress/integration/firstBasicTestSuite.js:9:19)\n    at runnable.fn (http://localhost:51760/__cypress/runner/cypress_runner.js:145762:19)\n    at callFn (http://localhost:51760/__cypress/runner/cypress_runner.js:164849:21)\n    at Runnable.run (http://localhost:51760/__cypress/runner/cypress_runner.js:164836:7)\n    at <unknown> (http://localhost:51760/__cypress/runner/cypress_runner.js:170931:30)\n    at PassThroughHandlerContext.finallyHandler (http://localhost:51760/__cypress/runner/cypress_runner.js:4042:23)\n    at PassThroughHandlerContext.tryCatcher (http://localhost:51760/__cypress/runner/cypress_runner.js:1777:23)\n    at Promise._settlePromiseFromHandler (http://localhost:51760/__cypress/runner/cypress_runner.js:1489:31)\n    at Promise._settlePromise (http://localhost:51760/__cypress/runner/cypress_runner.js:1546:18)",
                "diff": null
              },
              "uuid": "d544505d-bcb1-434f-ae1c-9d45a30a13b7",
              "parentUUID": "b0e0717f-2f98-4385-8470-a9200117a926",
              "isHook": false,
              "skipped": false
            },
            {
              "title": "TC 2 Basic Login",
              "fullTitle": "First Basic Testing TC 2 Basic Login",
              "timedOut": null,
              "duration": 2030,
              "state": "passed",
              "speed": "fast",
              "pass": true,
              "fail": false,
              "pending": false,
              "context": "{\n  \"title\": \"cypress-mochawesome-reporter-videos-passed\",\n  \"value\": \"cypress\\\\integration\\\\firstBasicTestSuite.js\"\n}",
              "code": "cy.visit('https://rahulshettyacademy.com/loginpagePractise/');\ncy.get('#username').type('rahulshettyacademy');\ncy.get('#password').type('learning');\ncy.get('#signInBtn').click();\ncy.screenshot();",
              "err": {},
              "uuid": "e702cbc3-b2f2-41b3-9dfd-30958199a96c",
              "parentUUID": "b0e0717f-2f98-4385-8470-a9200117a926",
              "isHook": false,
              "skipped": false
            }
          ],
          "suites": [],
          "passes": [
            "e702cbc3-b2f2-41b3-9dfd-30958199a96c"
          ],
          "failures": [
            "d544505d-bcb1-434f-ae1c-9d45a30a13b7"
          ],
          "pending": [],
          "skipped": [],
          "duration": 2587,
          "root": false,
          "rootEmpty": false,
          "_timeout": 2000
        }
      ],
      "passes": [],
      "failures": [],
      "pending": [],
      "skipped": [],
      "duration": 0,
      "root": true,
      "rootEmpty": true,
      "_timeout": 2000
    }
  ],
  "meta": {
    "mocha": {
      "version": "7.2.0"
    },
    "mochawesome": {
      "options": {
        "quiet": false,
        "reportFilename": "mochawesome",
        "saveHtml": false,
        "saveJson": true,
        "consoleReporter": "spec",
        "useInlineDiffs": false,
        "code": true
      },
      "version": "7.1.4"
    },
    "marge": {
      "options": {
        "reportDir": "cypress\\reports\\.jsons",
        "charts": true,
        "reportPageTitle": "Cypress Mochawesome Report",
        "embeddedScreenshots": true,
        "inlineAssets": true,
        "saveAllAttempts": true,
        "html": false,
        "json": true,
        "overwrite": false
      },
      "version": "6.3.0"
    }
  }
}