{
  "stats": {
    "suites": 1,
    "tests": 2,
    "passes": 2,
    "pending": 0,
    "failures": 0,
    "start": "2025-10-20T13:41:45.009Z",
    "end": "2025-10-20T13:41:50.545Z",
    "duration": 5536,
    "testsRegistered": 2,
    "passPercent": 100,
    "pendingPercent": 0,
    "other": 0,
    "hasOther": false,
    "skipped": 0,
    "hasSkipped": false
  },
  "results": [
    {
      "uuid": "b545dc27-3b61-4b9c-b49c-b732371a344e",
      "title": "",
      "fullFile": "cypress\\integration\\firstBasicTestSuite.js",
      "file": "cypress\\integration\\firstBasicTestSuite.js",
      "beforeHooks": [],
      "afterHooks": [],
      "tests": [],
      "suites": [
        {
          "uuid": "fcadff3c-c760-4496-b6db-b4c7b242081d",
          "title": "First Basic Testing",
          "fullFile": "",
          "file": "",
          "beforeHooks": [],
          "afterHooks": [],
          "tests": [
            {
              "title": "TC 1 url and assertion",
              "fullTitle": "First Basic Testing TC 1 url and assertion",
              "timedOut": null,
              "duration": 1501,
              "state": "passed",
              "speed": "fast",
              "pass": true,
              "fail": false,
              "pending": false,
              "context": "{\n  \"title\": \"cypress-mochawesome-reporter-videos-passed\",\n  \"value\": \"cypress\\\\integration\\\\firstBasicTestSuite.js\"\n}",
              "code": "cy.visit('https://rahulshettyacademy.com/loginpagePractise/');\ncy.url().should('eq', 'https://rahulshettyacademy.com/loginpagePractise/'); //url\ncy.url().should('include', 'loginpagePractise');\ncy.url().should('contain', 'rahulshettyacademy');\ncy.title().should('eq', 'LoginPage Practise | Rahul Shetty Academy'); //title\ncy.title().should('include', 'LoginPage');\ncy.title().should('contains', 'LoginPage');\ncy.get('#username').type('Somenath');\ncy.get('#signInBtn').click();\ncy.get('[style*=\"block\"]').should('be.visible');",
              "err": {},
              "uuid": "31f096ed-4cbc-48b2-9dfa-6673261b4814",
              "parentUUID": "fcadff3c-c760-4496-b6db-b4c7b242081d",
              "isHook": false,
              "skipped": false
            },
            {
              "title": "TC 2 Basic Login",
              "fullTitle": "First Basic Testing TC 2 Basic Login",
              "timedOut": null,
              "duration": 1537,
              "state": "passed",
              "speed": "fast",
              "pass": true,
              "fail": false,
              "pending": false,
              "context": "{\n  \"title\": \"cypress-mochawesome-reporter-videos-passed\",\n  \"value\": \"cypress\\\\integration\\\\firstBasicTestSuite.js\"\n}",
              "code": "cy.visit('https://rahulshettyacademy.com/loginpagePractise/');\ncy.get('#username').type('rahulshettyacademy');\ncy.get('#password').type('learning');\ncy.get('#signInBtn').click();\ncy.screenshot();",
              "err": {},
              "uuid": "51eda08d-235c-4605-bdb5-4d45fad8689e",
              "parentUUID": "fcadff3c-c760-4496-b6db-b4c7b242081d",
              "isHook": false,
              "skipped": false
            }
          ],
          "suites": [],
          "passes": [
            "31f096ed-4cbc-48b2-9dfa-6673261b4814",
            "51eda08d-235c-4605-bdb5-4d45fad8689e"
          ],
          "failures": [],
          "pending": [],
          "skipped": [],
          "duration": 3038,
          "root": false,
          "rootEmpty": false,
          "_timeout": 2000
        }
      ],
      "passes": [],
      "failures": [],
      "pending": [],
      "skipped": [],
      "duration": 0,
      "root": true,
      "rootEmpty": true,
      "_timeout": 2000
    }
  ],
  "meta": {
    "mocha": {
      "version": "7.2.0"
    },
    "mochawesome": {
      "options": {
        "quiet": false,
        "reportFilename": "mochawesome",
        "saveHtml": false,
        "saveJson": true,
        "consoleReporter": "spec",
        "useInlineDiffs": false,
        "code": true
      },
      "version": "7.1.4"
    },
    "marge": {
      "options": {
        "reportDir": "cypress\\reports\\.jsons",
        "charts": true,
        "reportPageTitle": "Cypress Mochawesome Report",
        "embeddedScreenshots": true,
        "inlineAssets": true,
        "saveAllAttempts": false,
        "html": false,
        "json": true,
        "overwrite": false
      },
      "version": "6.3.0"
    }
  }
}